<?xml version="1.0" encoding="UTF-8"?>
<!-- Generated by org.testng.reporters.JUnitReportReporter -->
<testsuite skipped="0" hostname="F198DTRV" name="com.nscomp.tests.VerifyCountryPortals" tests="4" failures="0" timestamp="23 Jun 2017 10:38:14 GMT" time="91.636" errors="0">
  <testcase name="checkCountryPortals" time="14.091" classname="com.nscomp.tests.VerifyCountryPortals"/>
  <testcase name="checkCountryPortals" time="39.144" classname="com.nscomp.tests.VerifyCountryPortals"/>
  <testcase name="checkCountryPortals" time="18.523" classname="com.nscomp.tests.VerifyCountryPortals"/>
  <testcase name="checkCountryPortals" time="19.878" classname="com.nscomp.tests.VerifyCountryPortals"/>
</testsuite> <!-- com.nscomp.tests.VerifyCountryPortals -->
