<?xml version="1.0" encoding="UTF-8"?>
<!-- Generated by org.testng.reporters.JUnitReportReporter -->
<testsuite skipped="0" hostname="F198DTRV" name="com.nscomp.tests.SearchItems" tests="1" failures="0" timestamp="06 Jul 2017 13:07:54 GMT" time="4.098" errors="0">
  <testcase name="xsearchOnCategory" time="4.098" classname="com.nscomp.tests.SearchItems"/>
</testsuite> <!-- com.nscomp.tests.SearchItems -->
