<?xml version="1.0" encoding="UTF-8"?>
<!-- Generated by org.testng.reporters.JUnitReportReporter -->
<testsuite skipped="0" hostname="F198DTRV" name="com.nscomp.tests.VerifyTodaysDeal" tests="4" failures="0" timestamp="23 Jun 2017 10:38:14 GMT" time="111.478" errors="0">
  <testcase name="testTodaysDeal" time="15.617" classname="com.nscomp.tests.VerifyTodaysDeal"/>
  <testcase name="testTodaysDeal" time="56.748" classname="com.nscomp.tests.VerifyTodaysDeal"/>
  <testcase name="testTodaysDeal" time="17.936" classname="com.nscomp.tests.VerifyTodaysDeal"/>
  <testcase name="testTodaysDeal" time="21.177" classname="com.nscomp.tests.VerifyTodaysDeal"/>
</testsuite> <!-- com.nscomp.tests.VerifyTodaysDeal -->
