<?xml version="1.0" encoding="UTF-8"?>
<!-- Generated by org.testng.reporters.JUnitReportReporter -->
<testsuite skipped="0" hostname="F198DTRV" name="com.nscomp.tests.VerifyRegistration" tests="1" failures="0" timestamp="12 Jul 2017 06:10:57 GMT" time="8.065" errors="0">
  <testcase name="validateRegistration" time="8.065" classname="com.nscomp.tests.VerifyRegistration"/>
</testsuite> <!-- com.nscomp.tests.VerifyRegistration -->
