<?xml version="1.0" encoding="UTF-8"?>
<!-- Generated by org.testng.reporters.JUnitReportReporter -->
<testsuite skipped="0" hostname="F198DTRV" name="com.nscomp.tests.VerifyBecomeAuthor" tests="4" failures="0" timestamp="23 Jun 2017 10:38:14 GMT" time="97.591" errors="0">
  <testcase name="xsearchOnCategory" time="25.098" classname="com.nscomp.tests.VerifyBecomeAuthor"/>
  <testcase name="xsearchOnCategory" time="25.946" classname="com.nscomp.tests.VerifyBecomeAuthor"/>
  <testcase name="xsearchOnCategory" time="23.673" classname="com.nscomp.tests.VerifyBecomeAuthor"/>
  <testcase name="xsearchOnCategory" time="22.874" classname="com.nscomp.tests.VerifyBecomeAuthor"/>
</testsuite> <!-- com.nscomp.tests.VerifyBecomeAuthor -->
