<?xml version="1.0" encoding="UTF-8"?>
<!-- Generated by org.testng.reporters.JUnitReportReporter -->
<testsuite skipped="0" hostname="F198DTRV" name="com.nscomp.tests.RefineSearch" tests="4" failures="0" timestamp="23 Jun 2017 10:38:14 GMT" time="149.370" errors="0">
  <testcase name="searchOnCategory" time="100.623" classname="com.nscomp.tests.RefineSearch"/>
  <testcase name="searchOnCategory" time="13.573" classname="com.nscomp.tests.RefineSearch"/>
  <testcase name="searchOnCategory" time="21.298" classname="com.nscomp.tests.RefineSearch"/>
  <testcase name="searchOnCategory" time="13.876" classname="com.nscomp.tests.RefineSearch"/>
</testsuite> <!-- com.nscomp.tests.RefineSearch -->
