<?xml version="1.0" encoding="UTF-8"?>
<!-- Generated by org.testng.reporters.JUnitReportReporter -->
<testsuite skipped="0" hostname="F198DTRV" name="com.heb.cms.nscomp.tests.VerifyRegistration" tests="1" failures="0" timestamp="17 Jun 2017 04:36:39 GMT" time="27.026" errors="0">
  <testcase name="testDriver" time="27.026" classname="com.heb.cms.nscomp.tests.VerifyRegistration"/>
</testsuite> <!-- com.heb.cms.nscomp.tests.VerifyRegistration -->
