<?xml version="1.0" encoding="UTF-8"?>
<!-- Generated by org.testng.reporters.JUnitReportReporter -->
<testsuite skipped="0" hostname="F198DTRV" name="com.nscomp.tests.VerifyAdvancedSearch" tests="4" failures="0" timestamp="23 Jun 2017 10:38:14 GMT" time="92.720" errors="0">
  <testcase name="advancedSearchOptions" time="19.378" classname="com.nscomp.tests.VerifyAdvancedSearch"/>
  <testcase name="advancedSearchOptions" time="23.830" classname="com.nscomp.tests.VerifyAdvancedSearch"/>
  <testcase name="advancedSearchOptions" time="22.599" classname="com.nscomp.tests.VerifyAdvancedSearch"/>
  <testcase name="advancedSearchOptions" time="26.913" classname="com.nscomp.tests.VerifyAdvancedSearch"/>
</testsuite> <!-- com.nscomp.tests.VerifyAdvancedSearch -->
