<?xml version="1.0" encoding="UTF-8"?>
<!-- Generated by org.testng.reporters.JUnitReportReporter -->
<testsuite skipped="0" hostname="F198DTRV" name="com.nscomp.tests.VerifyAmazonCares" tests="4" failures="0" timestamp="23 Jun 2017 10:38:14 GMT" time="153.566" errors="0">
  <testcase name="checkAmazonCarePages" time="18.894" classname="com.nscomp.tests.VerifyAmazonCares"/>
  <testcase name="checkAmazonCarePages" time="99.361" classname="com.nscomp.tests.VerifyAmazonCares"/>
  <testcase name="checkAmazonCarePages" time="20.658" classname="com.nscomp.tests.VerifyAmazonCares"/>
  <testcase name="checkAmazonCarePages" time="14.653" classname="com.nscomp.tests.VerifyAmazonCares"/>
</testsuite> <!-- com.nscomp.tests.VerifyAmazonCares -->
